{
  "/Users/omer/projects/suites/blackbox/packages/instrumentation/src/dependency-installer.ts": {
    "path": "/Users/omer/projects/suites/blackbox/packages/instrumentation/src/dependency-installer.ts",
    "all": false,
    "statementMap": {
      "0": { "start": { "line": 1, "column": 0 }, "end": { "line": 1, "column": 43 } },
      "4": { "start": { "line": 5, "column": 0 }, "end": { "line": 5, "column": 49 } },
      "5": { "start": { "line": 6, "column": 0 }, "end": { "line": 6, "column": 53 } },
      "6": { "start": { "line": 7, "column": 0 }, "end": { "line": 7, "column": 46 } },
      "7": { "start": { "line": 8, "column": 0 }, "end": { "line": 8, "column": 24 } },
      "8": { "start": { "line": 9, "column": 0 }, "end": { "line": 9, "column": 22 } },
      "9": { "start": { "line": 10, "column": 0 }, "end": { "line": 10, "column": 20 } },
      "10": { "start": { "line": 11, "column": 0 }, "end": { "line": 11, "column": 13 } },
      "11": { "start": { "line": 12, "column": 0 }, "end": { "line": 12, "column": 5 } },
      "12": { "start": { "line": 13, "column": 0 }, "end": { "line": 13, "column": 21 } },
      "13": { "start": { "line": 14, "column": 0 }, "end": { "line": 14, "column": 20 } },
      "14": { "start": { "line": 15, "column": 0 }, "end": { "line": 15, "column": 4 } },
      "15": { "start": { "line": 16, "column": 0 }, "end": { "line": 16, "column": 1 } },
      "17": { "start": { "line": 18, "column": 0 }, "end": { "line": 18, "column": 84 } },
      "18": { "start": { "line": 19, "column": 0 }, "end": { "line": 19, "column": 59 } },
      "19": { "start": { "line": 20, "column": 0 }, "end": { "line": 20, "column": 63 } },
      "20": { "start": { "line": 21, "column": 0 }, "end": { "line": 21, "column": 24 } },
      "21": { "start": { "line": 22, "column": 0 }, "end": { "line": 22, "column": 12 } },
      "22": { "start": { "line": 23, "column": 0 }, "end": { "line": 23, "column": 7 } },
      "23": { "start": { "line": 24, "column": 0 }, "end": { "line": 24, "column": 18 } },
      "24": { "start": { "line": 25, "column": 0 }, "end": { "line": 25, "column": 27 } },
      "25": { "start": { "line": 26, "column": 0 }, "end": { "line": 26, "column": 21 } },
      "26": { "start": { "line": 27, "column": 0 }, "end": { "line": 27, "column": 20 } },
      "27": { "start": { "line": 28, "column": 0 }, "end": { "line": 28, "column": 28 } },
      "28": { "start": { "line": 29, "column": 0 }, "end": { "line": 29, "column": 23 } },
      "29": { "start": { "line": 30, "column": 0 }, "end": { "line": 30, "column": 8 } },
      "30": { "start": { "line": 31, "column": 0 }, "end": { "line": 31, "column": 7 } },
      "31": { "start": { "line": 32, "column": 0 }, "end": { "line": 32, "column": 23 } },
      "32": { "start": { "line": 33, "column": 0 }, "end": { "line": 33, "column": 25 } },
      "33": { "start": { "line": 34, "column": 0 }, "end": { "line": 34, "column": 21 } },
      "34": { "start": { "line": 35, "column": 0 }, "end": { "line": 35, "column": 44 } },
      "35": { "start": { "line": 36, "column": 0 }, "end": { "line": 36, "column": 8 } },
      "36": { "start": { "line": 37, "column": 0 }, "end": { "line": 37, "column": 6 } },
      "37": { "start": { "line": 38, "column": 0 }, "end": { "line": 38, "column": 20 } },
      "38": { "start": { "line": 39, "column": 0 }, "end": { "line": 39, "column": 37 } },
      "39": { "start": { "line": 40, "column": 0 }, "end": { "line": 40, "column": 48 } },
      "40": { "start": { "line": 41, "column": 0 }, "end": { "line": 41, "column": 22 } },
      "41": { "start": { "line": 42, "column": 0 }, "end": { "line": 42, "column": 7 } },
      "42": { "start": { "line": 43, "column": 0 }, "end": { "line": 43, "column": 36 } },
      "43": { "start": { "line": 44, "column": 0 }, "end": { "line": 44, "column": 91 } },
      "44": { "start": { "line": 45, "column": 0 }, "end": { "line": 45, "column": 7 } },
      "45": { "start": { "line": 46, "column": 0 }, "end": { "line": 46, "column": 35 } },
      "46": { "start": { "line": 47, "column": 0 }, "end": { "line": 47, "column": 23 } },
      "47": { "start": { "line": 48, "column": 0 }, "end": { "line": 48, "column": 78 } },
      "48": { "start": { "line": 49, "column": 0 }, "end": { "line": 49, "column": 15 } },
      "49": { "start": { "line": 50, "column": 0 }, "end": { "line": 50, "column": 7 } },
      "50": { "start": { "line": 51, "column": 0 }, "end": { "line": 51, "column": 16 } },
      "51": { "start": { "line": 52, "column": 0 }, "end": { "line": 52, "column": 43 } },
      "52": { "start": { "line": 53, "column": 0 }, "end": { "line": 53, "column": 28 } },
      "53": { "start": { "line": 54, "column": 0 }, "end": { "line": 54, "column": 15 } },
      "54": { "start": { "line": 55, "column": 0 }, "end": { "line": 55, "column": 9 } },
      "55": { "start": { "line": 56, "column": 0 }, "end": { "line": 56, "column": 7 } },
      "56": { "start": { "line": 57, "column": 0 }, "end": { "line": 57, "column": 5 } }
    },
    "s": {
      "0": 1,
      "4": 1,
      "5": 2,
      "6": 2,
      "7": 2,
      "8": 2,
      "9": 3,
      "10": 1,
      "11": 1,
      "12": 2,
      "13": 2,
      "14": 3,
      "15": 2,
      "17": 1,
      "18": 2,
      "19": 2,
      "20": 2,
      "21": 2,
      "22": 2,
      "23": 2,
      "24": 2,
      "25": 2,
      "26": 2,
      "27": 2,
      "28": 2,
      "29": 2,
      "30": 2,
      "31": 2,
      "32": 2,
      "33": 2,
      "34": 2,
      "35": 2,
      "36": 2,
      "37": 2,
      "38": 2,
      "39": 2,
      "40": 2,
      "41": 2,
      "42": 2,
      "43": 1,
      "44": 2,
      "45": 2,
      "46": 2,
      "47": 1,
      "48": 1,
      "49": 1,
      "50": 1,
      "51": 1,
      "52": 1,
      "53": 2,
      "54": 2,
      "55": 2,
      "56": 2
    },
    "branchMap": {
      "0": {
        "type": "branch",
        "line": 5,
        "loc": { "start": { "line": 5, "column": 7 }, "end": { "line": 16, "column": 1 } },
        "locations": [{ "start": { "line": 5, "column": 7 }, "end": { "line": 16, "column": 1 } }]
      },
      "1": {
        "type": "branch",
        "line": 9,
        "loc": { "start": { "line": 9, "column": 9 }, "end": { "line": 15, "column": 4 } },
        "locations": [{ "start": { "line": 9, "column": 9 }, "end": { "line": 15, "column": 4 } }]
      },
      "2": {
        "type": "branch",
        "line": 10,
        "loc": { "start": { "line": 10, "column": 19 }, "end": { "line": 14, "column": 20 } },
        "locations": [
          { "start": { "line": 10, "column": 19 }, "end": { "line": 14, "column": 20 } }
        ]
      },
      "3": {
        "type": "branch",
        "line": 10,
        "loc": { "start": { "line": 10, "column": 19 }, "end": { "line": 12, "column": 5 } },
        "locations": [{ "start": { "line": 10, "column": 19 }, "end": { "line": 12, "column": 5 } }]
      },
      "4": {
        "type": "branch",
        "line": 18,
        "loc": { "start": { "line": 18, "column": 60 }, "end": { "line": 57, "column": 5 } },
        "locations": [{ "start": { "line": 18, "column": 60 }, "end": { "line": 57, "column": 5 } }]
      },
      "5": {
        "type": "branch",
        "line": 19,
        "loc": { "start": { "line": 19, "column": 45 }, "end": { "line": 57, "column": 5 } },
        "locations": [{ "start": { "line": 19, "column": 45 }, "end": { "line": 57, "column": 5 } }]
      },
      "6": {
        "type": "branch",
        "line": 40,
        "loc": { "start": { "line": 40, "column": 28 }, "end": { "line": 42, "column": 5 } },
        "locations": [{ "start": { "line": 40, "column": 28 }, "end": { "line": 42, "column": 5 } }]
      },
      "7": {
        "type": "branch",
        "line": 43,
        "loc": { "start": { "line": 43, "column": 24 }, "end": { "line": 45, "column": 5 } },
        "locations": [{ "start": { "line": 43, "column": 24 }, "end": { "line": 45, "column": 5 } }]
      },
      "8": {
        "type": "branch",
        "line": 46,
        "loc": { "start": { "line": 46, "column": 24 }, "end": { "line": 56, "column": 5 } },
        "locations": [{ "start": { "line": 46, "column": 24 }, "end": { "line": 56, "column": 5 } }]
      },
      "9": {
        "type": "branch",
        "line": 47,
        "loc": { "start": { "line": 47, "column": 22 }, "end": { "line": 53, "column": 28 } },
        "locations": [
          { "start": { "line": 47, "column": 22 }, "end": { "line": 53, "column": 28 } }
        ]
      },
      "10": {
        "type": "branch",
        "line": 53,
        "loc": { "start": { "line": 53, "column": 18 }, "end": { "line": 53, "column": 28 } },
        "locations": [
          { "start": { "line": 53, "column": 18 }, "end": { "line": 53, "column": 28 } }
        ]
      }
    },
    "b": {
      "0": [2],
      "1": [3],
      "2": [2],
      "3": [1],
      "4": [2],
      "5": [2],
      "6": [2],
      "7": [1],
      "8": [2],
      "9": [1],
      "10": [0]
    },
    "fnMap": {
      "0": {
        "name": "firstDependencyInstallCompletion",
        "decl": { "start": { "line": 5, "column": 7 }, "end": { "line": 16, "column": 1 } },
        "loc": { "start": { "line": 5, "column": 7 }, "end": { "line": 16, "column": 1 } },
        "line": 5
      },
      "1": {
        "name": "installNodeDependencies",
        "decl": { "start": { "line": 18, "column": 60 }, "end": { "line": 57, "column": 5 } },
        "loc": { "start": { "line": 18, "column": 60 }, "end": { "line": 57, "column": 5 } },
        "line": 18
      }
    },
    "f": { "0": 2, "1": 2 }
  },
  "/Users/omer/projects/suites/blackbox/packages/instrumentation/src/dependency-state.ts": {
    "path": "/Users/omer/projects/suites/blackbox/packages/instrumentation/src/dependency-state.ts",
    "all": false,
    "statementMap": {
      "0": { "start": { "line": 1, "column": 0 }, "end": { "line": 1, "column": 44 } },
      "1": { "start": { "line": 2, "column": 0 }, "end": { "line": 2, "column": 33 } },
      "7": { "start": { "line": 8, "column": 0 }, "end": { "line": 8, "column": 69 } },
      "13": { "start": { "line": 14, "column": 0 }, "end": { "line": 14, "column": 52 } },
      "14": { "start": { "line": 15, "column": 0 }, "end": { "line": 15, "column": 6 } },
      "15": { "start": { "line": 16, "column": 0 }, "end": { "line": 16, "column": 35 } },
      "16": { "start": { "line": 17, "column": 0 }, "end": { "line": 17, "column": 24 } },
      "17": { "start": { "line": 18, "column": 0 }, "end": { "line": 18, "column": 28 } },
      "18": { "start": { "line": 19, "column": 0 }, "end": { "line": 19, "column": 40 } },
      "19": { "start": { "line": 20, "column": 0 }, "end": { "line": 20, "column": 5 } },
      "20": { "start": { "line": 21, "column": 0 }, "end": { "line": 21, "column": 28 } },
      "21": { "start": { "line": 22, "column": 0 }, "end": { "line": 22, "column": 3 } },
      "22": { "start": { "line": 23, "column": 0 }, "end": { "line": 23, "column": 12 } },
      "23": { "start": { "line": 24, "column": 0 }, "end": { "line": 24, "column": 1 } },
      "25": { "start": { "line": 26, "column": 0 }, "end": { "line": 26, "column": 35 } },
      "26": { "start": { "line": 27, "column": 0 }, "end": { "line": 27, "column": 20 } },
      "27": { "start": { "line": 28, "column": 0 }, "end": { "line": 28, "column": 22 } },
      "28": { "start": { "line": 29, "column": 0 }, "end": { "line": 29, "column": 26 } },
      "29": { "start": { "line": 30, "column": 0 }, "end": { "line": 30, "column": 21 } },
      "30": { "start": { "line": 31, "column": 0 }, "end": { "line": 31, "column": 7 } },
      "31": { "start": { "line": 32, "column": 0 }, "end": { "line": 32, "column": 99 } },
      "32": { "start": { "line": 33, "column": 0 }, "end": { "line": 33, "column": 78 } },
      "33": { "start": { "line": 34, "column": 0 }, "end": { "line": 34, "column": 56 } },
      "34": { "start": { "line": 35, "column": 0 }, "end": { "line": 35, "column": 11 } },
      "35": { "start": { "line": 36, "column": 0 }, "end": { "line": 36, "column": 17 } },
      "36": { "start": { "line": 37, "column": 0 }, "end": { "line": 37, "column": 3 } },
      "37": { "start": { "line": 38, "column": 0 }, "end": { "line": 38, "column": 1 } },
      "39": { "start": { "line": 40, "column": 0 }, "end": { "line": 40, "column": 76 } },
      "40": { "start": { "line": 41, "column": 0 }, "end": { "line": 41, "column": 35 } },
      "41": { "start": { "line": 42, "column": 0 }, "end": { "line": 42, "column": 56 } },
      "42": { "start": { "line": 43, "column": 0 }, "end": { "line": 43, "column": 85 } },
      "43": { "start": { "line": 44, "column": 0 }, "end": { "line": 44, "column": 6 } },
      "44": { "start": { "line": 45, "column": 0 }, "end": { "line": 45, "column": 4 } },
      "45": { "start": { "line": 46, "column": 0 }, "end": { "line": 46, "column": 31 } },
      "46": { "start": { "line": 47, "column": 0 }, "end": { "line": 47, "column": 1 } },
      "48": { "start": { "line": 49, "column": 0 }, "end": { "line": 49, "column": 28 } },
      "49": { "start": { "line": 50, "column": 0 }, "end": { "line": 50, "column": 20 } },
      "50": { "start": { "line": 51, "column": 0 }, "end": { "line": 51, "column": 18 } },
      "51": { "start": { "line": 52, "column": 0 }, "end": { "line": 52, "column": 45 } },
      "52": { "start": { "line": 53, "column": 0 }, "end": { "line": 53, "column": 10 } },
      "53": { "start": { "line": 54, "column": 0 }, "end": { "line": 54, "column": 54 } },
      "54": { "start": { "line": 55, "column": 0 }, "end": { "line": 55, "column": 14 } },
      "55": { "start": { "line": 56, "column": 0 }, "end": { "line": 56, "column": 20 } },
      "56": { "start": { "line": 57, "column": 0 }, "end": { "line": 57, "column": 14 } },
      "57": { "start": { "line": 58, "column": 0 }, "end": { "line": 58, "column": 12 } },
      "58": { "start": { "line": 59, "column": 0 }, "end": { "line": 59, "column": 4 } },
      "59": { "start": { "line": 60, "column": 0 }, "end": { "line": 60, "column": 1 } },
      "61": { "start": { "line": 62, "column": 0 }, "end": { "line": 62, "column": 41 } },
      "62": { "start": { "line": 63, "column": 0 }, "end": { "line": 63, "column": 41 } },
      "63": { "start": { "line": 64, "column": 0 }, "end": { "line": 64, "column": 20 } },
      "64": { "start": { "line": 65, "column": 0 }, "end": { "line": 65, "column": 35 } },
      "65": { "start": { "line": 66, "column": 0 }, "end": { "line": 66, "column": 48 } },
      "66": { "start": { "line": 67, "column": 0 }, "end": { "line": 67, "column": 63 } },
      "67": { "start": { "line": 68, "column": 0 }, "end": { "line": 68, "column": 3 } },
      "68": { "start": { "line": 69, "column": 0 }, "end": { "line": 69, "column": 64 } },
      "69": { "start": { "line": 70, "column": 0 }, "end": { "line": 70, "column": 53 } },
      "70": { "start": { "line": 71, "column": 0 }, "end": { "line": 71, "column": 40 } },
      "71": { "start": { "line": 72, "column": 0 }, "end": { "line": 72, "column": 55 } },
      "72": { "start": { "line": 73, "column": 0 }, "end": { "line": 73, "column": 30 } },
      "73": { "start": { "line": 74, "column": 0 }, "end": { "line": 74, "column": 16 } },
      "74": { "start": { "line": 75, "column": 0 }, "end": { "line": 75, "column": 88 } },
      "75": { "start": { "line": 76, "column": 0 }, "end": { "line": 76, "column": 6 } },
      "76": { "start": { "line": 77, "column": 0 }, "end": { "line": 77, "column": 3 } },
      "77": { "start": { "line": 78, "column": 0 }, "end": { "line": 78, "column": 51 } },
      "78": { "start": { "line": 79, "column": 0 }, "end": { "line": 79, "column": 30 } },
      "79": { "start": { "line": 80, "column": 0 }, "end": { "line": 80, "column": 16 } },
      "80": { "start": { "line": 81, "column": 0 }, "end": { "line": 81, "column": 97 } },
      "81": { "start": { "line": 82, "column": 0 }, "end": { "line": 82, "column": 6 } },
      "82": { "start": { "line": 83, "column": 0 }, "end": { "line": 83, "column": 3 } },
      "83": { "start": { "line": 84, "column": 0 }, "end": { "line": 84, "column": 61 } },
      "84": { "start": { "line": 85, "column": 0 }, "end": { "line": 85, "column": 1 } }
    },
    "s": {
      "0": 1,
      "1": 1,
      "7": 1,
      "13": 9,
      "14": 9,
      "15": 9,
      "16": 9,
      "17": 9,
      "18": 9,
      "19": 9,
      "20": 9,
      "21": 9,
      "22": 0,
      "23": 0,
      "25": 24,
      "26": 24,
      "27": 24,
      "28": 24,
      "29": 24,
      "30": 24,
      "31": 24,
      "32": 24,
      "33": 9,
      "34": 21,
      "35": 15,
      "36": 15,
      "37": 24,
      "39": 8,
      "40": 8,
      "41": 8,
      "42": 8,
      "43": 8,
      "44": 8,
      "45": 8,
      "46": 8,
      "48": 1,
      "49": 1,
      "50": 1,
      "51": 1,
      "52": 1,
      "53": 1,
      "54": 1,
      "55": 1,
      "56": 1,
      "57": 1,
      "58": 1,
      "59": 1,
      "61": 5,
      "62": 5,
      "63": 5,
      "64": 5,
      "65": 5,
      "66": 1,
      "67": 1,
      "68": 4,
      "69": 5,
      "70": 0,
      "71": 0,
      "72": 0,
      "73": 0,
      "74": 0,
      "75": 0,
      "76": 0,
      "77": 5,
      "78": 1,
      "79": 1,
      "80": 1,
      "81": 1,
      "82": 1,
      "83": 2,
      "84": 2
    },
    "branchMap": {
      "0": {
        "type": "branch",
        "line": 14,
        "loc": { "start": { "line": 14, "column": 0 }, "end": { "line": 24, "column": 1 } },
        "locations": [{ "start": { "line": 14, "column": 0 }, "end": { "line": 24, "column": 1 } }]
      },
      "1": {
        "type": "branch",
        "line": 22,
        "loc": { "start": { "line": 22, "column": 2 }, "end": { "line": 24, "column": 1 } },
        "locations": [{ "start": { "line": 22, "column": 2 }, "end": { "line": 24, "column": 1 } }]
      },
      "2": {
        "type": "branch",
        "line": 26,
        "loc": { "start": { "line": 26, "column": 0 }, "end": { "line": 38, "column": 1 } },
        "locations": [{ "start": { "line": 26, "column": 0 }, "end": { "line": 38, "column": 1 } }]
      },
      "3": {
        "type": "branch",
        "line": 33,
        "loc": { "start": { "line": 33, "column": 76 }, "end": { "line": 37, "column": 3 } },
        "locations": [{ "start": { "line": 33, "column": 76 }, "end": { "line": 37, "column": 3 } }]
      },
      "4": {
        "type": "branch",
        "line": 33,
        "loc": { "start": { "line": 33, "column": 76 }, "end": { "line": 35, "column": 10 } },
        "locations": [
          { "start": { "line": 33, "column": 76 }, "end": { "line": 35, "column": 10 } }
        ]
      },
      "5": {
        "type": "branch",
        "line": 35,
        "loc": { "start": { "line": 35, "column": 2 }, "end": { "line": 37, "column": 3 } },
        "locations": [{ "start": { "line": 35, "column": 2 }, "end": { "line": 37, "column": 3 } }]
      },
      "6": {
        "type": "branch",
        "line": 40,
        "loc": { "start": { "line": 40, "column": 0 }, "end": { "line": 47, "column": 1 } },
        "locations": [{ "start": { "line": 40, "column": 0 }, "end": { "line": 47, "column": 1 } }]
      },
      "7": {
        "type": "branch",
        "line": 43,
        "loc": { "start": { "line": 43, "column": 6 }, "end": { "line": 43, "column": 85 } },
        "locations": [{ "start": { "line": 43, "column": 6 }, "end": { "line": 43, "column": 85 } }]
      },
      "8": {
        "type": "branch",
        "line": 49,
        "loc": { "start": { "line": 49, "column": 0 }, "end": { "line": 60, "column": 1 } },
        "locations": [{ "start": { "line": 49, "column": 0 }, "end": { "line": 60, "column": 1 } }]
      },
      "9": {
        "type": "branch",
        "line": 62,
        "loc": { "start": { "line": 62, "column": 0 }, "end": { "line": 85, "column": 1 } },
        "locations": [{ "start": { "line": 62, "column": 0 }, "end": { "line": 85, "column": 1 } }]
      },
      "10": {
        "type": "branch",
        "line": 66,
        "loc": { "start": { "line": 66, "column": 47 }, "end": { "line": 68, "column": 3 } },
        "locations": [{ "start": { "line": 66, "column": 47 }, "end": { "line": 68, "column": 3 } }]
      },
      "11": {
        "type": "branch",
        "line": 68,
        "loc": { "start": { "line": 68, "column": 2 }, "end": { "line": 69, "column": 64 } },
        "locations": [{ "start": { "line": 68, "column": 2 }, "end": { "line": 69, "column": 64 } }]
      },
      "12": {
        "type": "branch",
        "line": 69,
        "loc": { "start": { "line": 69, "column": 62 }, "end": { "line": 70, "column": 52 } },
        "locations": [
          { "start": { "line": 69, "column": 62 }, "end": { "line": 70, "column": 52 } }
        ]
      },
      "13": {
        "type": "branch",
        "line": 70,
        "loc": { "start": { "line": 70, "column": 52 }, "end": { "line": 77, "column": 3 } },
        "locations": [{ "start": { "line": 70, "column": 52 }, "end": { "line": 77, "column": 3 } }]
      },
      "14": {
        "type": "branch",
        "line": 77,
        "loc": { "start": { "line": 77, "column": 2 }, "end": { "line": 78, "column": 50 } },
        "locations": [{ "start": { "line": 77, "column": 2 }, "end": { "line": 78, "column": 50 } }]
      },
      "15": {
        "type": "branch",
        "line": 78,
        "loc": { "start": { "line": 78, "column": 50 }, "end": { "line": 85, "column": 1 } },
        "locations": [{ "start": { "line": 78, "column": 50 }, "end": { "line": 85, "column": 1 } }]
      },
      "16": {
        "type": "branch",
        "line": 78,
        "loc": { "start": { "line": 78, "column": 50 }, "end": { "line": 83, "column": 3 } },
        "locations": [{ "start": { "line": 78, "column": 50 }, "end": { "line": 83, "column": 3 } }]
      }
    },
    "b": {
      "0": [9],
      "1": [0],
      "2": [24],
      "3": [21],
      "4": [9],
      "5": [15],
      "6": [8],
      "7": [24],
      "8": [1],
      "9": [5],
      "10": [1],
      "11": [4],
      "12": [3],
      "13": [0],
      "14": [3],
      "15": [2],
      "16": [1]
    },
    "fnMap": {
      "0": {
        "name": "packageVersion",
        "decl": { "start": { "line": 14, "column": 0 }, "end": { "line": 24, "column": 1 } },
        "loc": { "start": { "line": 14, "column": 0 }, "end": { "line": 24, "column": 1 } },
        "line": 14
      },
      "1": {
        "name": "dependencyIsCurrent",
        "decl": { "start": { "line": 26, "column": 0 }, "end": { "line": 38, "column": 1 } },
        "loc": { "start": { "line": 26, "column": 0 }, "end": { "line": 38, "column": 1 } },
        "line": 26
      },
      "2": {
        "name": "dependenciesAreCurrent",
        "decl": { "start": { "line": 40, "column": 0 }, "end": { "line": 47, "column": 1 } },
        "loc": { "start": { "line": 40, "column": 0 }, "end": { "line": 47, "column": 1 } },
        "line": 40
      },
      "3": {
        "name": "operationalFailure",
        "decl": { "start": { "line": 49, "column": 0 }, "end": { "line": 60, "column": 1 } },
        "loc": { "start": { "line": 49, "column": 0 }, "end": { "line": 60, "column": 1 } },
        "line": 49
      },
      "4": {
        "name": "ensureDependencies",
        "decl": { "start": { "line": 62, "column": 0 }, "end": { "line": 85, "column": 1 } },
        "loc": { "start": { "line": 62, "column": 0 }, "end": { "line": 85, "column": 1 } },
        "line": 62
      }
    },
    "f": { "0": 9, "1": 24, "2": 8, "3": 1, "4": 5 }
  },
  "/Users/omer/projects/suites/blackbox/packages/instrumentation/src/index.ts": {
    "path": "/Users/omer/projects/suites/blackbox/packages/instrumentation/src/index.ts",
    "all": false,
    "statementMap": {
      "0": { "start": { "line": 1, "column": 0 }, "end": { "line": 1, "column": 82 } },
      "1": { "start": { "line": 2, "column": 0 }, "end": { "line": 2, "column": 8 } },
      "9": { "start": { "line": 10, "column": 0 }, "end": { "line": 10, "column": 100 } }
    },
    "s": { "0": 1, "1": 1, "9": 1 },
    "branchMap": {},
    "b": {},
    "fnMap": {},
    "f": {}
  },
  "/Users/omer/projects/suites/blackbox/packages/instrumentation/src/install.ts": {
    "path": "/Users/omer/projects/suites/blackbox/packages/instrumentation/src/install.ts",
    "all": false,
    "statementMap": {
      "0": { "start": { "line": 1, "column": 0 }, "end": { "line": 1, "column": 66 } },
      "1": { "start": { "line": 2, "column": 0 }, "end": { "line": 2, "column": 42 } },
      "3": { "start": { "line": 4, "column": 0 }, "end": { "line": 4, "column": 68 } },
      "4": { "start": { "line": 5, "column": 0 }, "end": { "line": 5, "column": 59 } },
      "12": { "start": { "line": 13, "column": 0 }, "end": { "line": 13, "column": 100 } },
      "19": { "start": { "line": 20, "column": 0 }, "end": { "line": 20, "column": 44 } },
      "20": { "start": { "line": 21, "column": 0 }, "end": { "line": 21, "column": 84 } },
      "21": { "start": { "line": 22, "column": 0 }, "end": { "line": 22, "column": 22 } },
      "22": { "start": { "line": 23, "column": 0 }, "end": { "line": 23, "column": 3 } },
      "23": { "start": { "line": 24, "column": 0 }, "end": { "line": 24, "column": 12 } },
      "24": { "start": { "line": 25, "column": 0 }, "end": { "line": 25, "column": 1 } },
      "26": { "start": { "line": 27, "column": 0 }, "end": { "line": 27, "column": 47 } },
      "27": { "start": { "line": 28, "column": 0 }, "end": { "line": 28, "column": 64 } },
      "28": { "start": { "line": 29, "column": 0 }, "end": { "line": 29, "column": 1 } },
      "30": { "start": { "line": 31, "column": 0 }, "end": { "line": 31, "column": 85 } },
      "31": { "start": { "line": 32, "column": 0 }, "end": { "line": 32, "column": 7 } },
      "32": { "start": { "line": 33, "column": 0 }, "end": { "line": 33, "column": 48 } },
      "33": { "start": { "line": 34, "column": 0 }, "end": { "line": 34, "column": 72 } },
      "34": { "start": { "line": 35, "column": 0 }, "end": { "line": 35, "column": 19 } },
      "35": { "start": { "line": 36, "column": 0 }, "end": { "line": 36, "column": 40 } },
      "36": { "start": { "line": 37, "column": 0 }, "end": { "line": 37, "column": 39 } },
      "37": { "start": { "line": 38, "column": 0 }, "end": { "line": 38, "column": 5 } },
      "38": { "start": { "line": 39, "column": 0 }, "end": { "line": 39, "column": 16 } },
      "39": { "start": { "line": 40, "column": 0 }, "end": { "line": 40, "column": 3 } },
      "40": { "start": { "line": 41, "column": 0 }, "end": { "line": 41, "column": 1 } },
      "42": { "start": { "line": 43, "column": 0 }, "end": { "line": 43, "column": 84 } },
      "43": { "start": { "line": 44, "column": 0 }, "end": { "line": 44, "column": 27 } },
      "44": { "start": { "line": 45, "column": 0 }, "end": { "line": 45, "column": 33 } },
      "45": { "start": { "line": 46, "column": 0 }, "end": { "line": 46, "column": 82 } },
      "46": { "start": { "line": 47, "column": 0 }, "end": { "line": 47, "column": 6 } },
      "47": { "start": { "line": 48, "column": 0 }, "end": { "line": 48, "column": 4 } },
      "48": { "start": { "line": 49, "column": 0 }, "end": { "line": 49, "column": 1 } },
      "50": { "start": { "line": 51, "column": 0 }, "end": { "line": 51, "column": 33 } },
      "51": { "start": { "line": 52, "column": 0 }, "end": { "line": 52, "column": 41 } },
      "52": { "start": { "line": 53, "column": 0 }, "end": { "line": 53, "column": 37 } },
      "53": { "start": { "line": 54, "column": 0 }, "end": { "line": 54, "column": 22 } },
      "54": { "start": { "line": 55, "column": 0 }, "end": { "line": 55, "column": 41 } },
      "55": { "start": { "line": 56, "column": 0 }, "end": { "line": 56, "column": 40 } },
      "56": { "start": { "line": 57, "column": 0 }, "end": { "line": 57, "column": 15 } },
      "57": { "start": { "line": 58, "column": 0 }, "end": { "line": 58, "column": 5 } },
      "58": { "start": { "line": 59, "column": 0 }, "end": { "line": 59, "column": 61 } },
      "59": { "start": { "line": 60, "column": 0 }, "end": { "line": 60, "column": 47 } },
      "60": { "start": { "line": 61, "column": 0 }, "end": { "line": 61, "column": 6 } },
      "61": { "start": { "line": 62, "column": 0 }, "end": { "line": 62, "column": 29 } },
      "62": { "start": { "line": 63, "column": 0 }, "end": { "line": 63, "column": 67 } },
      "63": { "start": { "line": 64, "column": 0 }, "end": { "line": 64, "column": 5 } },
      "64": { "start": { "line": 65, "column": 0 }, "end": { "line": 65, "column": 85 } },
      "65": { "start": { "line": 66, "column": 0 }, "end": { "line": 66, "column": 19 } },
      "66": { "start": { "line": 67, "column": 0 }, "end": { "line": 67, "column": 3 } },
      "67": { "start": { "line": 68, "column": 0 }, "end": { "line": 68, "column": 43 } },
      "68": { "start": { "line": 69, "column": 0 }, "end": { "line": 69, "column": 1 } },
      "70": { "start": { "line": 71, "column": 0 }, "end": { "line": 71, "column": 84 } },
      "71": { "start": { "line": 72, "column": 0 }, "end": { "line": 72, "column": 10 } },
      "72": { "start": { "line": 73, "column": 0 }, "end": { "line": 73, "column": 45 } },
      "73": { "start": { "line": 74, "column": 0 }, "end": { "line": 74, "column": 14 } },
      "74": { "start": { "line": 75, "column": 0 }, "end": { "line": 75, "column": 20 } },
      "75": { "start": { "line": 76, "column": 0 }, "end": { "line": 76, "column": 10 } },
      "76": { "start": { "line": 77, "column": 0 }, "end": { "line": 77, "column": 89 } },
      "77": { "start": { "line": 78, "column": 0 }, "end": { "line": 78, "column": 4 } },
      "78": { "start": { "line": 79, "column": 0 }, "end": { "line": 79, "column": 1 } },
      "80": { "start": { "line": 81, "column": 0 }, "end": { "line": 81, "column": 28 } },
      "81": { "start": { "line": 82, "column": 0 }, "end": { "line": 82, "column": 20 } },
      "82": { "start": { "line": 83, "column": 0 }, "end": { "line": 83, "column": 18 } },
      "83": { "start": { "line": 84, "column": 0 }, "end": { "line": 84, "column": 45 } },
      "84": { "start": { "line": 85, "column": 0 }, "end": { "line": 85, "column": 10 } },
      "85": { "start": { "line": 86, "column": 0 }, "end": { "line": 86, "column": 54 } },
      "86": { "start": { "line": 87, "column": 0 }, "end": { "line": 87, "column": 14 } },
      "87": { "start": { "line": 88, "column": 0 }, "end": { "line": 88, "column": 20 } },
      "88": { "start": { "line": 89, "column": 0 }, "end": { "line": 89, "column": 14 } },
      "89": { "start": { "line": 90, "column": 0 }, "end": { "line": 90, "column": 12 } },
      "90": { "start": { "line": 91, "column": 0 }, "end": { "line": 91, "column": 4 } },
      "91": { "start": { "line": 92, "column": 0 }, "end": { "line": 92, "column": 1 } },
      "93": { "start": { "line": 94, "column": 0 }, "end": { "line": 94, "column": 34 } },
      "94": { "start": { "line": 95, "column": 0 }, "end": { "line": 95, "column": 41 } },
      "95": { "start": { "line": 96, "column": 0 }, "end": { "line": 96, "column": 20 } },
      "96": { "start": { "line": 97, "column": 0 }, "end": { "line": 97, "column": 42 } },
      "97": { "start": { "line": 98, "column": 0 }, "end": { "line": 98, "column": 52 } },
      "98": { "start": { "line": 99, "column": 0 }, "end": { "line": 99, "column": 100 } },
      "99": { "start": { "line": 100, "column": 0 }, "end": { "line": 100, "column": 29 } },
      "100": { "start": { "line": 101, "column": 0 }, "end": { "line": 101, "column": 38 } },
      "101": { "start": { "line": 102, "column": 0 }, "end": { "line": 102, "column": 3 } },
      "102": { "start": { "line": 103, "column": 0 }, "end": { "line": 103, "column": 58 } },
      "103": { "start": { "line": 104, "column": 0 }, "end": { "line": 104, "column": 66 } },
      "104": { "start": { "line": 105, "column": 0 }, "end": { "line": 105, "column": 74 } },
      "105": { "start": { "line": 106, "column": 0 }, "end": { "line": 106, "column": 24 } },
      "106": { "start": { "line": 107, "column": 0 }, "end": { "line": 107, "column": 3 } },
      "107": { "start": { "line": 108, "column": 0 }, "end": { "line": 108, "column": 10 } },
      "108": { "start": { "line": 109, "column": 0 }, "end": { "line": 109, "column": 44 } },
      "109": { "start": { "line": 110, "column": 0 }, "end": { "line": 110, "column": 13 } },
      "110": { "start": { "line": 111, "column": 0 }, "end": { "line": 111, "column": 20 } },
      "111": { "start": { "line": 112, "column": 0 }, "end": { "line": 112, "column": 14 } },
      "112": { "start": { "line": 113, "column": 0 }, "end": { "line": 113, "column": 52 } },
      "113": { "start": { "line": 114, "column": 0 }, "end": { "line": 114, "column": 35 } },
      "114": { "start": { "line": 115, "column": 0 }, "end": { "line": 115, "column": 39 } },
      "115": { "start": { "line": 116, "column": 0 }, "end": { "line": 116, "column": 8 } },
      "116": { "start": { "line": 117, "column": 0 }, "end": { "line": 117, "column": 15 } },
      "117": { "start": { "line": 118, "column": 0 }, "end": { "line": 118, "column": 42 } },
      "118": { "start": { "line": 119, "column": 0 }, "end": { "line": 119, "column": 4 } },
      "119": { "start": { "line": 120, "column": 0 }, "end": { "line": 120, "column": 1 } },
      "121": { "start": { "line": 122, "column": 0 }, "end": { "line": 122, "column": 34 } },
      "122": { "start": { "line": 123, "column": 0 }, "end": { "line": 123, "column": 24 } },
      "123": { "start": { "line": 124, "column": 0 }, "end": { "line": 124, "column": 20 } },
      "124": { "start": { "line": 125, "column": 0 }, "end": { "line": 125, "column": 49 } },
      "125": { "start": { "line": 126, "column": 0 }, "end": { "line": 126, "column": 7 } },
      "126": { "start": { "line": 127, "column": 0 }, "end": { "line": 127, "column": 31 } },
      "127": { "start": { "line": 128, "column": 0 }, "end": { "line": 128, "column": 16 } },
      "128": { "start": { "line": 129, "column": 0 }, "end": { "line": 129, "column": 19 } },
      "129": { "start": { "line": 130, "column": 0 }, "end": { "line": 130, "column": 40 } },
      "130": { "start": { "line": 131, "column": 0 }, "end": { "line": 131, "column": 18 } },
      "131": { "start": { "line": 132, "column": 0 }, "end": { "line": 132, "column": 5 } },
      "132": { "start": { "line": 133, "column": 0 }, "end": { "line": 133, "column": 12 } },
      "133": { "start": { "line": 134, "column": 0 }, "end": { "line": 134, "column": 43 } },
      "134": { "start": { "line": 135, "column": 0 }, "end": { "line": 135, "column": 16 } },
      "135": { "start": { "line": 136, "column": 0 }, "end": { "line": 136, "column": 22 } },
      "136": { "start": { "line": 137, "column": 0 }, "end": { "line": 137, "column": 16 } },
      "137": { "start": { "line": 138, "column": 0 }, "end": { "line": 138, "column": 83 } },
      "138": { "start": { "line": 139, "column": 0 }, "end": { "line": 139, "column": 6 } },
      "139": { "start": { "line": 140, "column": 0 }, "end": { "line": 140, "column": 3 } },
      "140": { "start": { "line": 141, "column": 0 }, "end": { "line": 141, "column": 1 } },
      "142": { "start": { "line": 143, "column": 0 }, "end": { "line": 143, "column": 42 } },
      "143": { "start": { "line": 144, "column": 0 }, "end": { "line": 144, "column": 41 } },
      "144": { "start": { "line": 145, "column": 0 }, "end": { "line": 145, "column": 42 } },
      "145": { "start": { "line": 146, "column": 0 }, "end": { "line": 146, "column": 90 } },
      "146": { "start": { "line": 147, "column": 0 }, "end": { "line": 147, "column": 57 } },
      "147": { "start": { "line": 148, "column": 0 }, "end": { "line": 148, "column": 7 } },
      "148": { "start": { "line": 149, "column": 0 }, "end": { "line": 149, "column": 48 } },
      "149": { "start": { "line": 150, "column": 0 }, "end": { "line": 150, "column": 50 } },
      "150": { "start": { "line": 151, "column": 0 }, "end": { "line": 151, "column": 98 } },
      "151": { "start": { "line": 152, "column": 0 }, "end": { "line": 152, "column": 31 } },
      "152": { "start": { "line": 153, "column": 0 }, "end": { "line": 153, "column": 40 } },
      "153": { "start": { "line": 154, "column": 0 }, "end": { "line": 154, "column": 5 } },
      "154": { "start": { "line": 155, "column": 0 }, "end": { "line": 155, "column": 75 } },
      "155": { "start": { "line": 156, "column": 0 }, "end": { "line": 156, "column": 31 } },
      "156": { "start": { "line": 157, "column": 0 }, "end": { "line": 157, "column": 25 } },
      "157": { "start": { "line": 158, "column": 0 }, "end": { "line": 158, "column": 5 } },
      "158": { "start": { "line": 159, "column": 0 }, "end": { "line": 159, "column": 9 } },
      "159": { "start": { "line": 160, "column": 0 }, "end": { "line": 160, "column": 56 } },
      "160": { "start": { "line": 161, "column": 0 }, "end": { "line": 161, "column": 15 } },
      "161": { "start": { "line": 162, "column": 0 }, "end": { "line": 162, "column": 64 } },
      "162": { "start": { "line": 163, "column": 0 }, "end": { "line": 163, "column": 5 } },
      "163": { "start": { "line": 164, "column": 0 }, "end": { "line": 164, "column": 19 } },
      "164": { "start": { "line": 165, "column": 0 }, "end": { "line": 165, "column": 30 } },
      "165": { "start": { "line": 166, "column": 0 }, "end": { "line": 166, "column": 16 } },
      "166": { "start": { "line": 167, "column": 0 }, "end": { "line": 167, "column": 71 } },
      "167": { "start": { "line": 168, "column": 0 }, "end": { "line": 168, "column": 6 } },
      "168": { "start": { "line": 169, "column": 0 }, "end": { "line": 169, "column": 3 } },
      "169": { "start": { "line": 170, "column": 0 }, "end": { "line": 170, "column": 1 } },
      "171": { "start": { "line": 172, "column": 0 }, "end": { "line": 172, "column": 49 } },
      "172": { "start": { "line": 173, "column": 0 }, "end": { "line": 173, "column": 41 } },
      "173": { "start": { "line": 174, "column": 0 }, "end": { "line": 174, "column": 42 } },
      "174": { "start": { "line": 175, "column": 0 }, "end": { "line": 175, "column": 33 } },
      "175": { "start": { "line": 176, "column": 0 }, "end": { "line": 176, "column": 12 } },
      "176": { "start": { "line": 177, "column": 0 }, "end": { "line": 177, "column": 50 } },
      "177": { "start": { "line": 178, "column": 0 }, "end": { "line": 178, "column": 16 } },
      "178": { "start": { "line": 179, "column": 0 }, "end": { "line": 179, "column": 29 } },
      "179": { "start": { "line": 180, "column": 0 }, "end": { "line": 180, "column": 98 } },
      "180": { "start": { "line": 181, "column": 0 }, "end": { "line": 181, "column": 6 } },
      "181": { "start": { "line": 182, "column": 0 }, "end": { "line": 182, "column": 3 } },
      "182": { "start": { "line": 183, "column": 0 }, "end": { "line": 183, "column": 49 } },
      "183": { "start": { "line": 184, "column": 0 }, "end": { "line": 184, "column": 1 } },
      "185": { "start": { "line": 186, "column": 0 }, "end": { "line": 186, "column": 45 } },
      "186": { "start": { "line": 187, "column": 0 }, "end": { "line": 187, "column": 37 } },
      "187": { "start": { "line": 188, "column": 0 }, "end": { "line": 188, "column": 42 } },
      "188": { "start": { "line": 189, "column": 0 }, "end": { "line": 189, "column": 43 } },
      "189": { "start": { "line": 190, "column": 0 }, "end": { "line": 190, "column": 13 } },
      "190": { "start": { "line": 191, "column": 0 }, "end": { "line": 191, "column": 49 } },
      "191": { "start": { "line": 192, "column": 0 }, "end": { "line": 192, "column": 5 } },
      "192": { "start": { "line": 193, "column": 0 }, "end": { "line": 193, "column": 1 } }
    },
    "s": {
      "0": 1,
      "1": 1,
      "3": 1,
      "4": 1,
      "12": 1,
      "19": 13,
      "20": 13,
      "21": 13,
      "22": 13,
      "23": 0,
      "24": 0,
      "26": 1,
      "27": 1,
      "28": 1,
      "30": 22,
      "31": 22,
      "32": 22,
      "33": 22,
      "34": 22,
      "35": 12,
      "36": 12,
      "37": 12,
      "38": 0,
      "39": 0,
      "40": 22,
      "42": 11,
      "43": 11,
      "44": 11,
      "45": 11,
      "46": 11,
      "47": 11,
      "48": 11,
      "50": 5,
      "51": 5,
      "52": 5,
      "53": 5,
      "54": 5,
      "55": 10,
      "56": 4,
      "57": 4,
      "58": 6,
      "59": 9,
      "60": 6,
      "61": 10,
      "62": 0,
      "63": 0,
      "64": 6,
      "65": 6,
      "66": 6,
      "67": 5,
      "68": 5,
      "70": 0,
      "71": 0,
      "72": 0,
      "73": 0,
      "74": 0,
      "75": 0,
      "76": 0,
      "77": 0,
      "78": 0,
      "80": 1,
      "81": 1,
      "82": 1,
      "83": 1,
      "84": 1,
      "85": 1,
      "86": 1,
      "87": 1,
      "88": 1,
      "89": 1,
      "90": 1,
      "91": 1,
      "93": 5,
      "94": 5,
      "95": 5,
      "96": 5,
      "97": 5,
      "98": 5,
      "99": 5,
      "100": 0,
      "101": 0,
      "102": 5,
      "103": 5,
      "104": 5,
      "105": 1,
      "106": 1,
      "107": 3,
      "108": 3,
      "109": 3,
      "110": 3,
      "111": 3,
      "112": 3,
      "113": 6,
      "114": 6,
      "115": 3,
      "116": 3,
      "117": 3,
      "118": 3,
      "119": 3,
      "121": 6,
      "122": 6,
      "123": 6,
      "124": 6,
      "125": 6,
      "126": 6,
      "127": 5,
      "128": 6,
      "129": 1,
      "130": 0,
      "131": 0,
      "132": 1,
      "133": 1,
      "134": 1,
      "135": 1,
      "136": 1,
      "137": 1,
      "138": 1,
      "139": 1,
      "140": 6,
      "142": 6,
      "143": 6,
      "144": 6,
      "145": 6,
      "146": 6,
      "147": 6,
      "148": 6,
      "149": 6,
      "150": 6,
      "151": 6,
      "152": 0,
      "153": 0,
      "154": 6,
      "155": 6,
      "156": 1,
      "157": 1,
      "158": 5,
      "159": 5,
      "160": 5,
      "161": 5,
      "162": 5,
      "163": 6,
      "164": 1,
      "165": 1,
      "166": 1,
      "167": 1,
      "168": 1,
      "169": 6,
      "171": 6,
      "172": 6,
      "173": 6,
      "174": 6,
      "175": 0,
      "176": 0,
      "177": 0,
      "178": 0,
      "179": 0,
      "180": 0,
      "181": 0,
      "182": 6,
      "183": 6,
      "185": 1,
      "186": 1,
      "187": 1,
      "188": 1,
      "189": 1,
      "190": 1,
      "191": 1,
      "192": 1
    },
    "branchMap": {
      "0": {
        "type": "branch",
        "line": 20,
        "loc": { "start": { "line": 20, "column": 0 }, "end": { "line": 25, "column": 1 } },
        "locations": [{ "start": { "line": 20, "column": 0 }, "end": { "line": 25, "column": 1 } }]
      },
      "1": {
        "type": "branch",
        "line": 23,
        "loc": { "start": { "line": 23, "column": 2 }, "end": { "line": 25, "column": 1 } },
        "locations": [{ "start": { "line": 23, "column": 2 }, "end": { "line": 25, "column": 1 } }]
      },
      "2": {
        "type": "branch",
        "line": 27,
        "loc": { "start": { "line": 27, "column": 0 }, "end": { "line": 29, "column": 1 } },
        "locations": [{ "start": { "line": 27, "column": 0 }, "end": { "line": 29, "column": 1 } }]
      },
      "3": {
        "type": "branch",
        "line": 28,
        "loc": { "start": { "line": 28, "column": 40 }, "end": { "line": 28, "column": 64 } },
        "locations": [
          { "start": { "line": 28, "column": 40 }, "end": { "line": 28, "column": 64 } }
        ]
      },
      "4": {
        "type": "branch",
        "line": 31,
        "loc": { "start": { "line": 31, "column": 0 }, "end": { "line": 41, "column": 1 } },
        "locations": [{ "start": { "line": 31, "column": 0 }, "end": { "line": 41, "column": 1 } }]
      },
      "5": {
        "type": "branch",
        "line": 33,
        "loc": { "start": { "line": 33, "column": 46 }, "end": { "line": 34, "column": 53 } },
        "locations": [
          { "start": { "line": 33, "column": 46 }, "end": { "line": 34, "column": 53 } }
        ]
      },
      "6": {
        "type": "branch",
        "line": 34,
        "loc": { "start": { "line": 34, "column": 41 }, "end": { "line": 34, "column": 65 } },
        "locations": [
          { "start": { "line": 34, "column": 41 }, "end": { "line": 34, "column": 65 } }
        ]
      },
      "7": {
        "type": "branch",
        "line": 35,
        "loc": { "start": { "line": 35, "column": 2 }, "end": { "line": 40, "column": 3 } },
        "locations": [{ "start": { "line": 35, "column": 2 }, "end": { "line": 40, "column": 3 } }]
      },
      "8": {
        "type": "branch",
        "line": 38,
        "loc": { "start": { "line": 38, "column": 4 }, "end": { "line": 40, "column": 3 } },
        "locations": [{ "start": { "line": 38, "column": 4 }, "end": { "line": 40, "column": 3 } }]
      },
      "9": {
        "type": "branch",
        "line": 43,
        "loc": { "start": { "line": 43, "column": 0 }, "end": { "line": 49, "column": 1 } },
        "locations": [{ "start": { "line": 43, "column": 0 }, "end": { "line": 49, "column": 1 } }]
      },
      "10": {
        "type": "branch",
        "line": 46,
        "loc": { "start": { "line": 46, "column": 6 }, "end": { "line": 46, "column": 82 } },
        "locations": [{ "start": { "line": 46, "column": 6 }, "end": { "line": 46, "column": 82 } }]
      },
      "11": {
        "type": "branch",
        "line": 51,
        "loc": { "start": { "line": 51, "column": 0 }, "end": { "line": 69, "column": 1 } },
        "locations": [{ "start": { "line": 51, "column": 0 }, "end": { "line": 69, "column": 1 } }]
      },
      "12": {
        "type": "branch",
        "line": 55,
        "loc": { "start": { "line": 55, "column": 40 }, "end": { "line": 67, "column": 3 } },
        "locations": [{ "start": { "line": 55, "column": 40 }, "end": { "line": 67, "column": 3 } }]
      },
      "13": {
        "type": "branch",
        "line": 56,
        "loc": { "start": { "line": 56, "column": 39 }, "end": { "line": 62, "column": 28 } },
        "locations": [
          { "start": { "line": 56, "column": 39 }, "end": { "line": 62, "column": 28 } }
        ]
      },
      "14": {
        "type": "branch",
        "line": 56,
        "loc": { "start": { "line": 56, "column": 39 }, "end": { "line": 58, "column": 5 } },
        "locations": [{ "start": { "line": 56, "column": 39 }, "end": { "line": 58, "column": 5 } }]
      },
      "15": {
        "type": "branch",
        "line": 62,
        "loc": { "start": { "line": 62, "column": 28 }, "end": { "line": 64, "column": 5 } },
        "locations": [{ "start": { "line": 62, "column": 28 }, "end": { "line": 64, "column": 5 } }]
      },
      "16": {
        "type": "branch",
        "line": 64,
        "loc": { "start": { "line": 64, "column": 4 }, "end": { "line": 67, "column": 3 } },
        "locations": [{ "start": { "line": 64, "column": 4 }, "end": { "line": 67, "column": 3 } }]
      },
      "17": {
        "type": "branch",
        "line": 68,
        "loc": { "start": { "line": 68, "column": 9 }, "end": { "line": 68, "column": 31 } },
        "locations": [{ "start": { "line": 68, "column": 9 }, "end": { "line": 68, "column": 31 } }]
      },
      "18": {
        "type": "branch",
        "line": 68,
        "loc": { "start": { "line": 68, "column": 19 }, "end": { "line": 68, "column": 43 } },
        "locations": [
          { "start": { "line": 68, "column": 19 }, "end": { "line": 68, "column": 43 } }
        ]
      },
      "19": {
        "type": "branch",
        "line": 59,
        "loc": { "start": { "line": 59, "column": 47 }, "end": { "line": 60, "column": 47 } },
        "locations": [
          { "start": { "line": 59, "column": 47 }, "end": { "line": 60, "column": 47 } }
        ]
      },
      "20": {
        "type": "branch",
        "line": 81,
        "loc": { "start": { "line": 81, "column": 0 }, "end": { "line": 92, "column": 1 } },
        "locations": [{ "start": { "line": 81, "column": 0 }, "end": { "line": 92, "column": 1 } }]
      },
      "21": {
        "type": "branch",
        "line": 94,
        "loc": { "start": { "line": 94, "column": 0 }, "end": { "line": 120, "column": 1 } },
        "locations": [{ "start": { "line": 94, "column": 0 }, "end": { "line": 120, "column": 1 } }]
      },
      "22": {
        "type": "branch",
        "line": 100,
        "loc": { "start": { "line": 100, "column": 28 }, "end": { "line": 102, "column": 3 } },
        "locations": [
          { "start": { "line": 100, "column": 28 }, "end": { "line": 102, "column": 3 } }
        ]
      },
      "23": {
        "type": "branch",
        "line": 104,
        "loc": { "start": { "line": 104, "column": 64 }, "end": { "line": 105, "column": 73 } },
        "locations": [
          { "start": { "line": 104, "column": 64 }, "end": { "line": 105, "column": 73 } }
        ]
      },
      "24": {
        "type": "branch",
        "line": 105,
        "loc": { "start": { "line": 105, "column": 73 }, "end": { "line": 107, "column": 3 } },
        "locations": [
          { "start": { "line": 105, "column": 73 }, "end": { "line": 107, "column": 3 } }
        ]
      },
      "25": {
        "type": "branch",
        "line": 107,
        "loc": { "start": { "line": 107, "column": 2 }, "end": { "line": 120, "column": 1 } },
        "locations": [
          { "start": { "line": 107, "column": 2 }, "end": { "line": 120, "column": 1 } }
        ]
      },
      "26": {
        "type": "branch",
        "line": 99,
        "loc": { "start": { "line": 99, "column": 39 }, "end": { "line": 99, "column": 73 } },
        "locations": [
          { "start": { "line": 99, "column": 39 }, "end": { "line": 99, "column": 73 } }
        ]
      },
      "27": {
        "type": "branch",
        "line": 113,
        "loc": { "start": { "line": 113, "column": 40 }, "end": { "line": 116, "column": 6 } },
        "locations": [
          { "start": { "line": 113, "column": 40 }, "end": { "line": 116, "column": 6 } }
        ]
      },
      "28": {
        "type": "branch",
        "line": 122,
        "loc": { "start": { "line": 122, "column": 0 }, "end": { "line": 141, "column": 1 } },
        "locations": [
          { "start": { "line": 122, "column": 0 }, "end": { "line": 141, "column": 1 } }
        ]
      },
      "29": {
        "type": "branch",
        "line": 127,
        "loc": { "start": { "line": 127, "column": 29 }, "end": { "line": 129, "column": 11 } },
        "locations": [
          { "start": { "line": 127, "column": 29 }, "end": { "line": 129, "column": 11 } }
        ]
      },
      "30": {
        "type": "branch",
        "line": 129,
        "loc": { "start": { "line": 129, "column": 2 }, "end": { "line": 140, "column": 3 } },
        "locations": [
          { "start": { "line": 129, "column": 2 }, "end": { "line": 140, "column": 3 } }
        ]
      },
      "31": {
        "type": "branch",
        "line": 130,
        "loc": { "start": { "line": 130, "column": 39 }, "end": { "line": 132, "column": 5 } },
        "locations": [
          { "start": { "line": 130, "column": 39 }, "end": { "line": 132, "column": 5 } }
        ]
      },
      "32": {
        "type": "branch",
        "line": 143,
        "loc": { "start": { "line": 143, "column": 0 }, "end": { "line": 170, "column": 1 } },
        "locations": [
          { "start": { "line": 143, "column": 0 }, "end": { "line": 170, "column": 1 } }
        ]
      },
      "33": {
        "type": "branch",
        "line": 152,
        "loc": { "start": { "line": 152, "column": 30 }, "end": { "line": 154, "column": 5 } },
        "locations": [
          { "start": { "line": 152, "column": 30 }, "end": { "line": 154, "column": 5 } }
        ]
      },
      "34": {
        "type": "branch",
        "line": 156,
        "loc": { "start": { "line": 156, "column": 30 }, "end": { "line": 158, "column": 5 } },
        "locations": [
          { "start": { "line": 156, "column": 30 }, "end": { "line": 158, "column": 5 } }
        ]
      },
      "35": {
        "type": "branch",
        "line": 158,
        "loc": { "start": { "line": 158, "column": 4 }, "end": { "line": 163, "column": 5 } },
        "locations": [
          { "start": { "line": 158, "column": 4 }, "end": { "line": 163, "column": 5 } }
        ]
      },
      "36": {
        "type": "branch",
        "line": 164,
        "loc": { "start": { "line": 164, "column": 2 }, "end": { "line": 169, "column": 3 } },
        "locations": [
          { "start": { "line": 164, "column": 2 }, "end": { "line": 169, "column": 3 } }
        ]
      },
      "37": {
        "type": "branch",
        "line": 151,
        "loc": { "start": { "line": 151, "column": 37 }, "end": { "line": 151, "column": 71 } },
        "locations": [
          { "start": { "line": 151, "column": 37 }, "end": { "line": 151, "column": 71 } }
        ]
      },
      "38": {
        "type": "branch",
        "line": 172,
        "loc": { "start": { "line": 172, "column": 0 }, "end": { "line": 184, "column": 1 } },
        "locations": [
          { "start": { "line": 172, "column": 0 }, "end": { "line": 184, "column": 1 } }
        ]
      },
      "39": {
        "type": "branch",
        "line": 175,
        "loc": { "start": { "line": 175, "column": 32 }, "end": { "line": 182, "column": 3 } },
        "locations": [
          { "start": { "line": 175, "column": 32 }, "end": { "line": 182, "column": 3 } }
        ]
      },
      "40": {
        "type": "branch",
        "line": 186,
        "loc": { "start": { "line": 186, "column": 0 }, "end": { "line": 193, "column": 1 } },
        "locations": [
          { "start": { "line": 186, "column": 0 }, "end": { "line": 193, "column": 1 } }
        ]
      }
    },
    "b": {
      "0": [13],
      "1": [0],
      "2": [1],
      "3": [0],
      "4": [22],
      "5": [10],
      "6": [0],
      "7": [12],
      "8": [0],
      "9": [11],
      "10": [22],
      "11": [5],
      "12": [10],
      "13": [6],
      "14": [4],
      "15": [0],
      "16": [6],
      "17": [3],
      "18": [2],
      "19": [9],
      "20": [1],
      "21": [5],
      "22": [0],
      "23": [4],
      "24": [1],
      "25": [3],
      "26": [10],
      "27": [6],
      "28": [6],
      "29": [5],
      "30": [1],
      "31": [0],
      "32": [6],
      "33": [0],
      "34": [1],
      "35": [5],
      "36": [1],
      "37": [12],
      "38": [6],
      "39": [0],
      "40": [1]
    },
    "fnMap": {
      "0": {
        "name": "errorCode",
        "decl": { "start": { "line": 20, "column": 0 }, "end": { "line": 25, "column": 1 } },
        "loc": { "start": { "line": 20, "column": 0 }, "end": { "line": 25, "column": 1 } },
        "line": 20
      },
      "1": {
        "name": "errorMessage",
        "decl": { "start": { "line": 27, "column": 0 }, "end": { "line": 29, "column": 1 } },
        "loc": { "start": { "line": 27, "column": 0 }, "end": { "line": 29, "column": 1 } },
        "line": 27
      },
      "2": {
        "name": "inspectFile",
        "decl": { "start": { "line": 31, "column": 0 }, "end": { "line": 41, "column": 1 } },
        "loc": { "start": { "line": 31, "column": 0 }, "end": { "line": 41, "column": 1 } },
        "line": 31
      },
      "3": {
        "name": "inspectFiles",
        "decl": { "start": { "line": 43, "column": 0 }, "end": { "line": 49, "column": 1 } },
        "loc": { "start": { "line": 43, "column": 0 }, "end": { "line": 49, "column": 1 } },
        "line": 43
      },
      "4": {
        "name": "writeMissingFiles",
        "decl": { "start": { "line": 51, "column": 0 }, "end": { "line": 69, "column": 1 } },
        "loc": { "start": { "line": 51, "column": 0 }, "end": { "line": 69, "column": 1 } },
        "line": 51
      },
      "5": {
        "name": "conflictFailure",
        "decl": { "start": { "line": 71, "column": 0 }, "end": { "line": 79, "column": 1 } },
        "loc": { "start": { "line": 71, "column": 0 }, "end": { "line": 79, "column": 1 } },
        "line": 71
      },
      "6": {
        "name": "operationalFailure",
        "decl": { "start": { "line": 81, "column": 0 }, "end": { "line": 92, "column": 1 } },
        "loc": { "start": { "line": 81, "column": 0 }, "end": { "line": 92, "column": 1 } },
        "line": 81
      },
      "7": {
        "name": "installWhileLocked",
        "decl": { "start": { "line": 94, "column": 0 }, "end": { "line": 120, "column": 1 } },
        "loc": { "start": { "line": 94, "column": 0 }, "end": { "line": 120, "column": 1 } },
        "line": 94
      },
      "8": {
        "name": "acquireInstallLock",
        "decl": { "start": { "line": 122, "column": 0 }, "end": { "line": 141, "column": 1 } },
        "loc": { "start": { "line": 122, "column": 0 }, "end": { "line": 141, "column": 1 } },
        "line": 122
      },
      "9": {
        "name": "installNodeInstrumentation",
        "decl": { "start": { "line": 143, "column": 0 }, "end": { "line": 170, "column": 1 } },
        "loc": { "start": { "line": 143, "column": 0 }, "end": { "line": 170, "column": 1 } },
        "line": 143
      },
      "10": {
        "name": "installInstrumentationWith",
        "decl": { "start": { "line": 172, "column": 0 }, "end": { "line": 184, "column": 1 } },
        "loc": { "start": { "line": 172, "column": 0 }, "end": { "line": 184, "column": 1 } },
        "line": 172
      },
      "11": {
        "name": "installInstrumentation",
        "decl": { "start": { "line": 186, "column": 0 }, "end": { "line": 193, "column": 1 } },
        "loc": { "start": { "line": 186, "column": 0 }, "end": { "line": 193, "column": 1 } },
        "line": 186
      }
    },
    "f": {
      "0": 13,
      "1": 1,
      "2": 22,
      "3": 11,
      "4": 5,
      "5": 0,
      "6": 1,
      "7": 5,
      "8": 6,
      "9": 6,
      "10": 6,
      "11": 1
    }
  },
  "/Users/omer/projects/suites/blackbox/packages/instrumentation/src/model.ts": {
    "path": "/Users/omer/projects/suites/blackbox/packages/instrumentation/src/model.ts",
    "all": true,
    "statementMap": {},
    "s": {},
    "branchMap": {
      "0": {
        "type": "branch",
        "line": 1,
        "loc": { "start": { "line": 1, "column": 2634 }, "end": { "line": 87, "column": 1 } },
        "locations": [
          { "start": { "line": 1, "column": 2634 }, "end": { "line": 87, "column": 1 } }
        ]
      }
    },
    "b": { "0": [1] },
    "fnMap": {
      "0": {
        "name": "(empty-report)",
        "decl": { "start": { "line": 1, "column": 2634 }, "end": { "line": 87, "column": 1 } },
        "loc": { "start": { "line": 1, "column": 2634 }, "end": { "line": 87, "column": 1 } },
        "line": 1
      }
    },
    "f": { "0": 1 }
  },
  "/Users/omer/projects/suites/blackbox/packages/instrumentation/src/node-template.ts": {
    "path": "/Users/omer/projects/suites/blackbox/packages/instrumentation/src/node-template.ts",
    "all": false,
    "statementMap": {
      "0": { "start": { "line": 1, "column": 0 }, "end": { "line": 1, "column": 80 } },
      "2": { "start": { "line": 3, "column": 0 }, "end": { "line": 3, "column": 48 } },
      "3": { "start": { "line": 4, "column": 0 }, "end": { "line": 4, "column": 32 } },
      "4": { "start": { "line": 5, "column": 0 }, "end": { "line": 5, "column": 56 } },
      "5": { "start": { "line": 6, "column": 0 }, "end": { "line": 6, "column": 39 } },
      "6": { "start": { "line": 7, "column": 0 }, "end": { "line": 7, "column": 11 } },
      "8": { "start": { "line": 9, "column": 0 }, "end": { "line": 9, "column": 43 } },
      "9": { "start": { "line": 10, "column": 0 }, "end": { "line": 10, "column": 40 } },
      "10": { "start": { "line": 11, "column": 0 }, "end": { "line": 11, "column": 19 } },
      "11": { "start": { "line": 12, "column": 0 }, "end": { "line": 12, "column": 16 } },
      "12": { "start": { "line": 13, "column": 0 }, "end": { "line": 13, "column": 19 } },
      "13": { "start": { "line": 14, "column": 0 }, "end": { "line": 14, "column": 78 } },
      "14": { "start": { "line": 15, "column": 0 }, "end": { "line": 15, "column": 12 } },
      "15": { "start": { "line": 16, "column": 0 }, "end": { "line": 16, "column": 33 } },
      "16": { "start": { "line": 17, "column": 0 }, "end": { "line": 17, "column": 4 } },
      "17": { "start": { "line": 18, "column": 0 }, "end": { "line": 18, "column": 48 } },
      "18": { "start": { "line": 19, "column": 0 }, "end": { "line": 19, "column": 11 } },
      "20": { "start": { "line": 21, "column": 0 }, "end": { "line": 21, "column": 105 } },
      "22": { "start": { "line": 23, "column": 0 }, "end": { "line": 23, "column": 55 } },
      "36": { "start": { "line": 37, "column": 0 }, "end": { "line": 37, "column": 41 } },
      "37": { "start": { "line": 38, "column": 0 }, "end": { "line": 38, "column": 68 } },
      "38": { "start": { "line": 39, "column": 0 }, "end": { "line": 39, "column": 69 } },
      "39": { "start": { "line": 40, "column": 0 }, "end": { "line": 40, "column": 11 } }
    },
    "s": {
      "0": 1,
      "2": 1,
      "3": 1,
      "4": 1,
      "5": 1,
      "6": 1,
      "8": 1,
      "9": 1,
      "10": 1,
      "11": 1,
      "12": 1,
      "13": 1,
      "14": 1,
      "15": 1,
      "16": 1,
      "17": 1,
      "18": 1,
      "20": 1,
      "22": 1,
      "36": 1,
      "37": 1,
      "38": 1,
      "39": 1
    },
    "branchMap": {},
    "b": {},
    "fnMap": {},
    "f": {}
  },
  "/Users/omer/projects/suites/blackbox/packages/instrumentation/src/schema.ts": {
    "path": "/Users/omer/projects/suites/blackbox/packages/instrumentation/src/schema.ts",
    "all": false,
    "statementMap": {
      "0": { "start": { "line": 1, "column": 0 }, "end": { "line": 1, "column": 130 } },
      "2": { "start": { "line": 3, "column": 0 }, "end": { "line": 3, "column": 59 } },
      "3": { "start": { "line": 4, "column": 0 }, "end": { "line": 4, "column": 50 } },
      "4": { "start": { "line": 5, "column": 0 }, "end": { "line": 5, "column": 18 } },
      "5": { "start": { "line": 6, "column": 0 }, "end": { "line": 6, "column": 2 } }
    },
    "s": { "0": 1, "2": 1, "3": 1, "4": 1, "5": 1 },
    "branchMap": {},
    "b": {},
    "fnMap": {},
    "f": {}
  }
}
